[debug] [2019-03-13T20:53:35.595Z] ----------------------------------------------------------------------
[debug] [2019-03-13T20:53:35.598Z] Command:       /usr/bin/node /usr/bin/firebase login
[debug] [2019-03-13T20:53:35.598Z] CLI Version:   6.5.0
[debug] [2019-03-13T20:53:35.598Z] Platform:      linux
[debug] [2019-03-13T20:53:35.598Z] Node Version:  v11.9.0
[debug] [2019-03-13T20:53:35.598Z] Time:          Wed Mar 13 2019 17:53:35 GMT-0300 (GMT-03:00)
[debug] [2019-03-13T20:53:35.598Z] ----------------------------------------------------------------------
[debug] 
[info] 
[info] Visit this URL on any device to log in:
[info] https://accounts.google.com/o/oauth2/auth?client_id=563584335869-fgrhgmd47bqnekij5i8b5pr03ho849e6.apps.googleusercontent.com&scope=email%20openid%20https%3A%2F%2Fwww.googleapis.com%2Fauth%2Fcloudplatformprojects.readonly%20https%3A%2F%2Fwww.googleapis.com%2Fauth%2Ffirebase%20https%3A%2F%2Fwww.googleapis.com%2Fauth%2Fcloud-platform&response_type=code&state=212352805&redirect_uri=http%3A%2F%2Flocalhost%3A9005
[info] 
[info] Waiting for authentication...
[debug] [2019-03-13T20:53:41.229Z] Unable to open URL: Error: Exited with code 3
    at ChildProcess.cp.once.code (/usr/lib/node_modules/firebase-tools/node_modules/opn/index.js:84:13)
    at Object.onceWrapper (events.js:285:13)
    at ChildProcess.emit (events.js:197:13)
    at ChildProcess.EventEmitter.emit (domain.js:439:20)
    at maybeClose (internal/child_process.js:978:16)
    at Socket.stream.socket.on (internal/child_process.js:395:11)
    at Socket.emit (events.js:197:13)
    at Socket.EventEmitter.emit (domain.js:439:20)
    at Pipe._handle.close (net.js:611:12)
